<?xml version="1.0" encoding="UTF-8"?>
<testsuite name="testRunner.loginTestRunner" tests="2" skipped="0" failures="0" errors="0" timestamp="2023-06-06T14:09:28" hostname="AR" time="23.849">
  <properties/>
  <testcase name="dologin" classname="testRunner.loginTestRunner" time="15.294"/>
  <testcase name="dologinWrongEmail" classname="testRunner.loginTestRunner" time="8.34"/>
  <system-out><![CDATA[]]></system-out>
  <system-err><![CDATA[]]></system-err>
</testsuite>
